INFO: [VRFC 10-2263] Analyzing Verilog file "E:/Vivado18.3/programs/ETIF/ETIF.srcs/sources_1/ip/Driver_HDMI_0/sim/Driver_HDMI.v" into library xil_defaultlib
INFO: [VRFC 10-311] analyzing module Driver_HDMI
INFO: [VRFC 10-2263] Analyzing Verilog file "E:/Vivado18.3/programs/ETIF/ETIF.srcs/sources_1/ip/Driver_HDMI_0/sim/Driver_HDMI_0.v" into library xil_defaultlib
INFO: [VRFC 10-311] analyzing module Driver_HDMI_0
INFO: [VRFC 10-2263] Analyzing Verilog file "E:/Vivado18.3/programs/ETIF/ETIF.srcs/sources_1/ip/clk_wiz_0/clk_wiz_0_clk_wiz.v" into library xil_defaultlib
INFO: [VRFC 10-311] analyzing module clk_wiz_0_clk_wiz
INFO: [VRFC 10-2263] Analyzing Verilog file "E:/Vivado18.3/programs/ETIF/ETIF.srcs/sources_1/ip/clk_wiz_0/clk_wiz_0.v" into library xil_defaultlib
INFO: [VRFC 10-311] analyzing module clk_wiz_0
INFO: [VRFC 10-2263] Analyzing Verilog file "E:/Vivado18.3/programs/ETIF/ETIF.srcs/sources_1/ip/blk_mem_gen_0/sim/blk_mem_gen_0.v" into library xil_defaultlib
INFO: [VRFC 10-311] analyzing module blk_mem_gen_0
INFO: [VRFC 10-2263] Analyzing Verilog file "E:/Vivado18.3/programs/ETIF/ETIF.srcs/sources_1/new/get_data_from_esp32.v" into library xil_defaultlib
INFO: [VRFC 10-311] analyzing module get_data_from_esp32
INFO: [VRFC 10-2263] Analyzing Verilog file "E:/Vivado18.3/programs/ETIF/ETIF.srcs/sources_1/new/qspi_slave.v" into library xil_defaultlib
INFO: [VRFC 10-311] analyzing module qspi_slave
INFO: [VRFC 10-2263] Analyzing Verilog file "E:/Vivado18.3/programs/ETIF/ETIF.srcs/sources_1/new/EFIT.v" into library xil_defaultlib
INFO: [VRFC 10-311] analyzing module EFIT
INFO: [VRFC 10-2263] Analyzing Verilog file "E:/Vivado18.3/programs/ETIF/ETIF.sim/sim_1/behav/xsim/glbl.v" into library xil_defaultlib
INFO: [VRFC 10-311] analyzing module glbl
INFO: [VRFC 10-163] Analyzing VHDL file "E:/Vivado18.3/programs/ETIF/ETIF.ip_user_files/ipstatic/src/ClockGen.vhd" into library xil_defaultlib
INFO: [VRFC 10-3107] analyzing entity 'ClockGen'
INFO: [VRFC 10-163] Analyzing VHDL file "E:/Vivado18.3/programs/ETIF/ETIF.ip_user_files/ipstatic/src/SyncAsync.vhd" into library xil_defaultlib
INFO: [VRFC 10-3107] analyzing entity 'SyncAsync'
INFO: [VRFC 10-163] Analyzing VHDL file "E:/Vivado18.3/programs/ETIF/ETIF.ip_user_files/ipstatic/src/SyncAsyncReset.vhd" into library xil_defaultlib
INFO: [VRFC 10-3107] analyzing entity 'ResetBridge'
INFO: [VRFC 10-163] Analyzing VHDL file "E:/Vivado18.3/programs/ETIF/ETIF.ip_user_files/ipstatic/src/DVI_Constants.vhd" into library xil_defaultlib
INFO: [VRFC 10-163] Analyzing VHDL file "E:/Vivado18.3/programs/ETIF/ETIF.ip_user_files/ipstatic/src/OutputSERDES.vhd" into library xil_defaultlib
INFO: [VRFC 10-3107] analyzing entity 'OutputSERDES'
INFO: [VRFC 10-163] Analyzing VHDL file "E:/Vivado18.3/programs/ETIF/ETIF.ip_user_files/ipstatic/src/TMDS_Encoder.vhd" into library xil_defaultlib
INFO: [VRFC 10-3107] analyzing entity 'TMDS_Encoder'
INFO: [VRFC 10-163] Analyzing VHDL file "E:/Vivado18.3/programs/ETIF/ETIF.ip_user_files/ipstatic/src/rgb2dvi.vhd" into library xil_defaultlib
INFO: [VRFC 10-3107] analyzing entity 'rgb2dvi'
INFO: [VRFC 10-163] Analyzing VHDL file "E:/Vivado18.3/programs/ETIF/ETIF.srcs/sources_1/ip/rgb2dvi_0/sim/rgb2dvi_0.vhd" into library xil_defaultlib
INFO: [VRFC 10-3107] analyzing entity 'rgb2dvi_0'
