
*** Running vivado
    with args -log Driver_HDMI_0.vds -m64 -product Vivado -mode batch -messageDb vivado.pb -notrace -source Driver_HDMI_0.tcl


****** Vivado v2018.3 (64-bit)
  **** SW Build 2405991 on Thu Dec  6 23:38:27 MST 2018
  **** IP Build 2404404 on Fri Dec  7 01:43:56 MST 2018
    ** Copyright 1986-2018 Xilinx, Inc. All Rights Reserved.

source Driver_HDMI_0.tcl -notrace
INFO: [IP_Flow 19-234] Refreshing IP repositories
INFO: [IP_Flow 19-1700] Loaded user IP repository 'e:/SEA/SEA-Tutorial/Experiment-of-SEA/IP_Core/HDMI-IP'.
INFO: [IP_Flow 19-2313] Loaded Vivado IP repository 'E:/Vivado18.3/Xilinx18.3/Vivado/2018.3/data/ip'.
update_ip_catalog: Time (s): cpu = 00:00:07 ; elapsed = 00:00:08 . Memory (MB): peak = 351.355 ; gain = 31.473
Command: synth_design -top Driver_HDMI_0 -part xc7s15ftgb196-1 -mode out_of_context
Starting synth_design
Attempting to get a license for feature 'Synthesis' and/or device 'xc7s15'
INFO: [Common 17-349] Got license for feature 'Synthesis' and/or device 'xc7s15'
INFO: Launching helper process for spawning children vivado processes
INFO: Helper process launched with PID 2008 
---------------------------------------------------------------------------------
Starting Synthesize : Time (s): cpu = 00:00:07 ; elapsed = 00:00:07 . Memory (MB): peak = 467.105 ; gain = 101.609
---------------------------------------------------------------------------------
INFO: [Synth 8-6157] synthesizing module 'Driver_HDMI_0' [e:/Vivado18.3/programs/ETIF/ETIF.srcs/sources_1/ip/Driver_HDMI_0/synth/Driver_HDMI_0.v:58]
INFO: [Synth 8-6157] synthesizing module 'Driver_HDMI' [e:/Vivado18.3/programs/ETIF/ETIF.srcs/sources_1/ip/Driver_HDMI_0/src/Driver_HDMI.v:24]
	Parameter H_ACTIVE_1280_720 bound to: 16'b0000010100000000 
	Parameter H_FP_1280_720 bound to: 16'b0000000001101110 
	Parameter H_SYNC_1280_720 bound to: 16'b0000000000101000 
	Parameter H_BP_1280_720 bound to: 16'b0000000011011100 
	Parameter V_ACTIVE_1280_720 bound to: 16'b0000001011010000 
	Parameter V_FP_1280_720 bound to: 16'b0000000000000101 
	Parameter V_SYNC_1280_720 bound to: 16'b0000000000000101 
	Parameter V_BP_1280_720 bound to: 16'b0000000000010100 
	Parameter H_TOTAL_1280_720 bound to: 16'b0000011001110010 
	Parameter V_TOTAL_1280_720 bound to: 16'b0000001011101110 
	Parameter H_ACTIVE_1920_1080 bound to: 16'b0000011110000000 
	Parameter H_FP_1920_1080 bound to: 16'b0000000001011000 
	Parameter H_SYNC_1920_1080 bound to: 16'b0000000000101100 
	Parameter H_BP_1920_1080 bound to: 16'b0000000010010100 
	Parameter V_ACTIVE_1920_1080 bound to: 16'b0000010000111000 
	Parameter V_FP_1920_1080 bound to: 16'b0000000000000100 
	Parameter V_SYNC_1920_1080 bound to: 16'b0000000000000101 
	Parameter V_BP_1920_1080 bound to: 16'b0000000000100100 
	Parameter H_TOTAL_1920_1080 bound to: 16'b0000100010011000 
	Parameter V_TOTAL_1920_1080 bound to: 16'b0000010001100101 
INFO: [Synth 8-6155] done synthesizing module 'Driver_HDMI' (1#1) [e:/Vivado18.3/programs/ETIF/ETIF.srcs/sources_1/ip/Driver_HDMI_0/src/Driver_HDMI.v:24]
INFO: [Synth 8-6155] done synthesizing module 'Driver_HDMI_0' (2#1) [e:/Vivado18.3/programs/ETIF/ETIF.srcs/sources_1/ip/Driver_HDMI_0/synth/Driver_HDMI_0.v:58]
---------------------------------------------------------------------------------
Finished Synthesize : Time (s): cpu = 00:00:09 ; elapsed = 00:00:09 . Memory (MB): peak = 522.625 ; gain = 157.129
---------------------------------------------------------------------------------
---------------------------------------------------------------------------------
Finished Constraint Validation : Time (s): cpu = 00:00:09 ; elapsed = 00:00:09 . Memory (MB): peak = 522.625 ; gain = 157.129
---------------------------------------------------------------------------------
---------------------------------------------------------------------------------
Start Loading Part and Timing Information
---------------------------------------------------------------------------------
Loading part: xc7s15ftgb196-1
---------------------------------------------------------------------------------
Finished Loading Part and Timing Information : Time (s): cpu = 00:00:09 ; elapsed = 00:00:09 . Memory (MB): peak = 522.625 ; gain = 157.129
INFO: [Device 21-403] Loading part xc7s15ftgb196-1
---------------------------------------------------------------------------------
---------------------------------------------------------------------------------
Finished RTL Optimization Phase 2 : Time (s): cpu = 00:00:09 ; elapsed = 00:00:10 . Memory (MB): peak = 522.625 ; gain = 157.129
---------------------------------------------------------------------------------

Report RTL Partitions: 
+-+--------------+------------+----------+
| |RTL Partition |Replication |Instances |
+-+--------------+------------+----------+
+-+--------------+------------+----------+
No constraint files found.
---------------------------------------------------------------------------------
Start RTL Component Statistics 
---------------------------------------------------------------------------------
Detailed RTL Component Info : 
+---Adders : 
	   2 Input     32 Bit       Adders := 5     
	   3 Input     32 Bit       Adders := 1     
	   5 Input     12 Bit       Adders := 1     
	   3 Input     12 Bit       Adders := 1     
	   2 Input      8 Bit       Adders := 1     
	   3 Input      7 Bit       Adders := 2     
	   2 Input      4 Bit       Adders := 2     
+---Registers : 
	               12 Bit    Registers := 2     
	                1 Bit    Registers := 5     
+---Muxes : 
	   2 Input     12 Bit        Muxes := 1     
	   2 Input     11 Bit        Muxes := 1     
	   2 Input      7 Bit        Muxes := 1     
	   2 Input      6 Bit        Muxes := 2     
	   2 Input      1 Bit        Muxes := 4     
---------------------------------------------------------------------------------
Finished RTL Component Statistics 
---------------------------------------------------------------------------------
---------------------------------------------------------------------------------
Start RTL Hierarchical Component Statistics 
---------------------------------------------------------------------------------
Hierarchical RTL Component report 
Module Driver_HDMI 
Detailed RTL Component Info : 
+---Adders : 
	   2 Input     32 Bit       Adders := 5     
	   3 Input     32 Bit       Adders := 1     
	   5 Input     12 Bit       Adders := 1     
	   3 Input     12 Bit       Adders := 1     
	   2 Input      8 Bit       Adders := 1     
	   3 Input      7 Bit       Adders := 2     
	   2 Input      4 Bit       Adders := 2     
+---Registers : 
	               12 Bit    Registers := 2     
	                1 Bit    Registers := 5     
+---Muxes : 
	   2 Input     12 Bit        Muxes := 1     
	   2 Input     11 Bit        Muxes := 1     
	   2 Input      7 Bit        Muxes := 1     
	   2 Input      6 Bit        Muxes := 2     
	   2 Input      1 Bit        Muxes := 4     
---------------------------------------------------------------------------------
Finished RTL Hierarchical Component Statistics
---------------------------------------------------------------------------------
---------------------------------------------------------------------------------
Start Part Resource Summary
---------------------------------------------------------------------------------
Part Resources:
DSPs: 20 (col length:20)
BRAMs: 20 (col length: RAMB18 20 RAMB36 10)
---------------------------------------------------------------------------------
Finished Part Resource Summary
---------------------------------------------------------------------------------
No constraint files found.
---------------------------------------------------------------------------------
Start Cross Boundary and Area Optimization
---------------------------------------------------------------------------------
Warning: Parallel synthesis criteria is not met 
---------------------------------------------------------------------------------
Finished Cross Boundary and Area Optimization : Time (s): cpu = 00:00:14 ; elapsed = 00:00:15 . Memory (MB): peak = 619.371 ; gain = 253.875
---------------------------------------------------------------------------------

Report RTL Partitions: 
+-+--------------+------------+----------+
| |RTL Partition |Replication |Instances |
+-+--------------+------------+----------+
+-+--------------+------------+----------+
No constraint files found.
---------------------------------------------------------------------------------
Start Timing Optimization
---------------------------------------------------------------------------------
---------------------------------------------------------------------------------
Finished Timing Optimization : Time (s): cpu = 00:00:14 ; elapsed = 00:00:15 . Memory (MB): peak = 619.371 ; gain = 253.875
---------------------------------------------------------------------------------

Report RTL Partitions: 
+-+--------------+------------+----------+
| |RTL Partition |Replication |Instances |
+-+--------------+------------+----------+
+-+--------------+------------+----------+
---------------------------------------------------------------------------------
Start Technology Mapping
---------------------------------------------------------------------------------
---------------------------------------------------------------------------------
Finished Technology Mapping : Time (s): cpu = 00:00:14 ; elapsed = 00:00:15 . Memory (MB): peak = 619.949 ; gain = 254.453
---------------------------------------------------------------------------------

Report RTL Partitions: 
+-+--------------+------------+----------+
| |RTL Partition |Replication |Instances |
+-+--------------+------------+----------+
+-+--------------+------------+----------+
---------------------------------------------------------------------------------
Start IO Insertion
---------------------------------------------------------------------------------
---------------------------------------------------------------------------------
Start Flattening Before IO Insertion
---------------------------------------------------------------------------------
---------------------------------------------------------------------------------
Finished Flattening Before IO Insertion
---------------------------------------------------------------------------------
---------------------------------------------------------------------------------
Start Final Netlist Cleanup
---------------------------------------------------------------------------------
---------------------------------------------------------------------------------
Finished Final Netlist Cleanup
---------------------------------------------------------------------------------
---------------------------------------------------------------------------------
Finished IO Insertion : Time (s): cpu = 00:00:18 ; elapsed = 00:00:19 . Memory (MB): peak = 619.949 ; gain = 254.453
---------------------------------------------------------------------------------

Report Check Netlist: 
+------+------------------+-------+---------+-------+------------------+
|      |Item              |Errors |Warnings |Status |Description       |
+------+------------------+-------+---------+-------+------------------+
|1     |multi_driven_nets |      0|        0|Passed |Multi driven nets |
+------+------------------+-------+---------+-------+------------------+
---------------------------------------------------------------------------------
Start Renaming Generated Instances
---------------------------------------------------------------------------------
---------------------------------------------------------------------------------
Finished Renaming Generated Instances : Time (s): cpu = 00:00:18 ; elapsed = 00:00:19 . Memory (MB): peak = 619.949 ; gain = 254.453
---------------------------------------------------------------------------------

Report RTL Partitions: 
+-+--------------+------------+----------+
| |RTL Partition |Replication |Instances |
+-+--------------+------------+----------+
+-+--------------+------------+----------+
---------------------------------------------------------------------------------
Start Rebuilding User Hierarchy
---------------------------------------------------------------------------------
---------------------------------------------------------------------------------
Finished Rebuilding User Hierarchy : Time (s): cpu = 00:00:18 ; elapsed = 00:00:19 . Memory (MB): peak = 619.949 ; gain = 254.453
---------------------------------------------------------------------------------
---------------------------------------------------------------------------------
Start Renaming Generated Ports
---------------------------------------------------------------------------------
---------------------------------------------------------------------------------
Finished Renaming Generated Ports : Time (s): cpu = 00:00:18 ; elapsed = 00:00:19 . Memory (MB): peak = 619.949 ; gain = 254.453
---------------------------------------------------------------------------------
---------------------------------------------------------------------------------
Start Handling Custom Attributes
---------------------------------------------------------------------------------
---------------------------------------------------------------------------------
Finished Handling Custom Attributes : Time (s): cpu = 00:00:18 ; elapsed = 00:00:19 . Memory (MB): peak = 619.949 ; gain = 254.453
---------------------------------------------------------------------------------
---------------------------------------------------------------------------------
Start Renaming Generated Nets
---------------------------------------------------------------------------------
---------------------------------------------------------------------------------
Finished Renaming Generated Nets : Time (s): cpu = 00:00:18 ; elapsed = 00:00:19 . Memory (MB): peak = 619.949 ; gain = 254.453
---------------------------------------------------------------------------------
---------------------------------------------------------------------------------
Start Writing Synthesis Report
---------------------------------------------------------------------------------

Report BlackBoxes: 
+-+--------------+----------+
| |BlackBox name |Instances |
+-+--------------+----------+
+-+--------------+----------+

Report Cell Usage: 
+------+-------+------+
|      |Cell   |Count |
+------+-------+------+
|1     |CARRY4 |    24|
|2     |LUT1   |    14|
|3     |LUT2   |    47|
|4     |LUT3   |    30|
|5     |LUT4   |    21|
|6     |FDCE   |    53|
+------+-------+------+

Report Instance Areas: 
+------+---------+------------+------+
|      |Instance |Module      |Cells |
+------+---------+------------+------+
|1     |top      |            |   189|
|2     |  inst   |Driver_HDMI |   189|
+------+---------+------------+------+
---------------------------------------------------------------------------------
Finished Writing Synthesis Report : Time (s): cpu = 00:00:18 ; elapsed = 00:00:19 . Memory (MB): peak = 619.949 ; gain = 254.453
---------------------------------------------------------------------------------
Synthesis finished with 0 errors, 0 critical warnings and 0 warnings.
Synthesis Optimization Runtime : Time (s): cpu = 00:00:18 ; elapsed = 00:00:19 . Memory (MB): peak = 619.949 ; gain = 254.453
Synthesis Optimization Complete : Time (s): cpu = 00:00:18 ; elapsed = 00:00:19 . Memory (MB): peak = 619.949 ; gain = 254.453
INFO: [Project 1-571] Translating synthesized netlist
INFO: [Netlist 29-17] Analyzing 24 Unisim elements for replacement
INFO: [Netlist 29-28] Unisim Transformation completed in 0 CPU seconds
INFO: [Project 1-570] Preparing netlist for logic optimization
INFO: [Opt 31-138] Pushed 0 inverter(s) to 0 load pin(s).
Netlist sorting complete. Time (s): cpu = 00:00:00 ; elapsed = 00:00:00 . Memory (MB): peak = 727.121 ; gain = 0.000
INFO: [Project 1-111] Unisim Transformation Summary:
No Unisim elements were transformed.

INFO: [Common 17-83] Releasing license: Synthesis
16 Infos, 0 Warnings, 0 Critical Warnings and 0 Errors encountered.
synth_design completed successfully
synth_design: Time (s): cpu = 00:00:25 ; elapsed = 00:00:29 . Memory (MB): peak = 727.121 ; gain = 373.465
Netlist sorting complete. Time (s): cpu = 00:00:00 ; elapsed = 00:00:00.001 . Memory (MB): peak = 727.121 ; gain = 0.000
WARNING: [Constraints 18-5210] No constraints selected for write.
Resolution: This message can indicate that there are no constraints for the design, or it can indicate that the used_in flags are set such that the constraints are ignored. This later case is used when running synth_design to not write synthesis constraints to the resulting checkpoint. Instead, project constraints are read when the synthesized design is opened.
INFO: [Timing 38-35] Done setting XDC timing constraints.
INFO: [Common 17-1381] The checkpoint 'E:/Vivado18.3/programs/ETIF/ETIF.runs/Driver_HDMI_0_synth_1/Driver_HDMI_0.dcp' has been generated.
write_checkpoint: Time (s): cpu = 00:00:21 ; elapsed = 00:00:22 . Memory (MB): peak = 1123.094 ; gain = 395.973
INFO: [Coretcl 2-1648] Added synthesis output to IP cache for IP Driver_HDMI_0, cache-ID = ec1f032b6480d591
Netlist sorting complete. Time (s): cpu = 00:00:00 ; elapsed = 00:00:00 . Memory (MB): peak = 1127.113 ; gain = 0.000
WARNING: [Constraints 18-5210] No constraints selected for write.
Resolution: This message can indicate that there are no constraints for the design, or it can indicate that the used_in flags are set such that the constraints are ignored. This later case is used when running synth_design to not write synthesis constraints to the resulting checkpoint. Instead, project constraints are read when the synthesized design is opened.
INFO: [Common 17-1381] The checkpoint 'E:/Vivado18.3/programs/ETIF/ETIF.runs/Driver_HDMI_0_synth_1/Driver_HDMI_0.dcp' has been generated.
INFO: [runtcl-4] Executing : report_utilization -file Driver_HDMI_0_utilization_synth.rpt -pb Driver_HDMI_0_utilization_synth.pb
INFO: [Common 17-206] Exiting Vivado at Sun Aug  2 13:03:59 2020...
